<?xml version="1.0" encoding="utf-8"?><testsuites name="pytest tests"><testsuite name="pytest" errors="0" failures="0" skipped="0" tests="22" time="6.269" timestamp="2026-03-04T23:49:36.073813+00:00" hostname="agent-env-645308b0-537b-4942-adf5-c3bf461645ab"><testcase classname="tests.test_draw_choose.TestHealthAndIssues" name="test_issues_endpoint_returns_list" time="0.130" /><testcase classname="tests.test_draw_choose.TestHealthAndIssues" name="test_issues_filter_by_language" time="0.115" /><testcase classname="tests.test_draw_choose.TestHealthAndIssues" name="test_issues_filter_by_difficulty" time="0.116" /><testcase classname="tests.test_draw_choose.TestAuthentication" name="test_login_creates_user" time="0.115" /><testcase classname="tests.test_draw_choose.TestAuthentication" name="test_auth_me_requires_token" time="0.121" /><testcase classname="tests.test_draw_choose.TestDrawEndpoint" name="test_draw_awards_10_xp" time="0.242" /><testcase classname="tests.test_draw_choose.TestDrawEndpoint" name="test_draw_enforces_daily_limit" time="0.583" /><testcase classname="tests.test_draw_choose.TestDrawEndpoint" name="test_draw_with_language_filter" time="0.215" /><testcase classname="tests.test_draw_choose.TestDrawEndpoint" name="test_draw_with_difficulty_filter" time="0.219" /><testcase classname="tests.test_draw_choose.TestChooseEndpoint" name="test_choose_awards_5_xp" time="0.337" /><testcase classname="tests.test_draw_choose.TestChooseEndpoint" name="test_choose_no_daily_cap" time="0.794" /><testcase classname="tests.test_draw_choose.TestChooseEndpoint" name="test_choose_invalid_issue_returns_404" time="0.224" /><testcase classname="tests.test_draw_choose.TestChooseEndpoint" name="test_choose_requires_auth" time="0.216" /><testcase classname="tests.test_draw_choose.TestBookmarkPRFlow" name="test_bookmark_draw" time="0.344" /><testcase classname="tests.test_draw_choose.TestBookmarkPRFlow" name="test_submit_pr_after_bookmark" time="0.508" /><testcase classname="tests.test_draw_choose.TestBookmarkPRFlow" name="test_verify_pr" time="0.606" /><testcase classname="tests.test_draw_choose.TestBookmarkPRFlow" name="test_release_bookmark" time="0.481" /><testcase classname="tests.test_draw_choose.TestHistoryAndDashboard" name="test_history_endpoint" time="0.237" /><testcase classname="tests.test_draw_choose.TestHistoryAndDashboard" name="test_dashboard_endpoint" time="0.219" /><testcase classname="tests.test_draw_choose.TestLeaderboardAndStats" name="test_leaderboard_endpoint" time="0.116" /><testcase classname="tests.test_draw_choose.TestLeaderboardAndStats" name="test_stats_endpoint" time="0.111" /><testcase classname="tests.test_draw_choose.TestLeaderboardAndStats" name="test_activity_endpoint" time="0.135" /></testsuite></testsuites>